<?xml version="1.0" encoding="UTF-8"?>
<testng-results ignored="0" total="12" passed="12" failed="0" skipped="0">
  <reporter-output>
  </reporter-output>
  <suite started-at="2025-08-26T14:23:33 IST" name="Cucumber Test Suite" finished-at="2025-08-26T14:25:09 IST" duration-ms="95408">
    <groups>
      <group name="cucumber">
        <method signature="AbstractTestNGCucumberTests.runScenario(io.cucumber.testng.PickleWrapper,io.cucumber.testng.FeatureWrapper)[pri:0, instance:testRunner.TestNGTestRunner@2f177a4b]" name="runScenario" class="io.cucumber.testng.AbstractTestNGCucumberTests"/>
        <method signature="AbstractTestNGCucumberTests.runScenario(io.cucumber.testng.PickleWrapper,io.cucumber.testng.FeatureWrapper)[pri:0, instance:testRunner.TestNGTestRunner@56528192]" name="runScenario" class="io.cucumber.testng.AbstractTestNGCucumberTests"/>
        <method signature="AbstractTestNGCucumberTests.runScenario(io.cucumber.testng.PickleWrapper,io.cucumber.testng.FeatureWrapper)[pri:0, instance:testRunner.TestNGTestRunner@1ed1993a]" name="runScenario" class="io.cucumber.testng.AbstractTestNGCucumberTests"/>
      </group> <!-- cucumber -->
    </groups>
    <test started-at="2025-08-26T14:23:33 IST" name="Login Feature" finished-at="2025-08-26T14:23:56 IST" duration-ms="22594">
      <class name="testRunner.TestNGTestRunner">
        <test-method is-config="true" signature="setUpClass(org.testng.ITestContext)[pri:0, instance:testRunner.TestNGTestRunner@2f177a4b]" started-at="2025-08-26T14:23:33 IST" name="setUpClass" finished-at="2025-08-26T14:23:34 IST" duration-ms="812" status="PASS">
          <params>
            <param index="0">
              <value>
                <![CDATA[org.testng.TestRunner@5be6e01c]]>
              </value>
            </param>
          </params>
          <reporter-output>
          </reporter-output>
        </test-method> <!-- setUpClass -->
        <test-method signature="runScenario(io.cucumber.testng.PickleWrapper,io.cucumber.testng.FeatureWrapper)[pri:0, instance:testRunner.TestNGTestRunner@2f177a4b]" started-at="2025-08-26T14:23:34 IST" name="runScenario" description="Runs Cucumber Scenarios" data-provider="scenarios" finished-at="2025-08-26T14:23:43 IST" duration-ms="8718" status="PASS">
          <params>
            <param index="0">
              <value>
                <![CDATA["Positive LogIn test"]]>
              </value>
            </param>
            <param index="1">
              <value>
                <![CDATA["Optional[Login functionality on Practice Test Automation site]"]]>
              </value>
            </param>
          </params>
          <reporter-output>
          </reporter-output>
        </test-method> <!-- runScenario -->
        <test-method signature="runScenario(io.cucumber.testng.PickleWrapper,io.cucumber.testng.FeatureWrapper)[pri:0, instance:testRunner.TestNGTestRunner@2f177a4b]" started-at="2025-08-26T14:23:43 IST" name="runScenario" description="Runs Cucumber Scenarios" data-provider="scenarios" finished-at="2025-08-26T14:23:49 IST" duration-ms="6335" status="PASS">
          <params>
            <param index="0">
              <value>
                <![CDATA["Negative username test"]]>
              </value>
            </param>
            <param index="1">
              <value>
                <![CDATA["Optional[Login functionality on Practice Test Automation site]"]]>
              </value>
            </param>
          </params>
          <reporter-output>
          </reporter-output>
        </test-method> <!-- runScenario -->
        <test-method signature="runScenario(io.cucumber.testng.PickleWrapper,io.cucumber.testng.FeatureWrapper)[pri:0, instance:testRunner.TestNGTestRunner@2f177a4b]" started-at="2025-08-26T14:23:49 IST" name="runScenario" description="Runs Cucumber Scenarios" data-provider="scenarios" finished-at="2025-08-26T14:23:55 IST" duration-ms="6034" status="PASS">
          <params>
            <param index="0">
              <value>
                <![CDATA["Negative password test"]]>
              </value>
            </param>
            <param index="1">
              <value>
                <![CDATA["Optional[Login functionality on Practice Test Automation site]"]]>
              </value>
            </param>
          </params>
          <reporter-output>
          </reporter-output>
        </test-method> <!-- runScenario -->
        <test-method is-config="true" signature="tearDownClass()[pri:0, instance:testRunner.TestNGTestRunner@2f177a4b]" started-at="2025-08-26T14:23:55 IST" name="tearDownClass" finished-at="2025-08-26T14:23:56 IST" duration-ms="645" status="PASS">
          <reporter-output>
          </reporter-output>
        </test-method> <!-- tearDownClass -->
      </class> <!-- testRunner.TestNGTestRunner -->
    </test> <!-- Login Feature -->
    <test started-at="2025-08-26T14:23:33 IST" name="Home Feature" finished-at="2025-08-26T14:23:56 IST" duration-ms="22716">
      <class name="testRunner.TestNGTestRunner">
        <test-method is-config="true" signature="setUpClass(org.testng.ITestContext)[pri:0, instance:testRunner.TestNGTestRunner@56528192]" started-at="2025-08-26T14:23:33 IST" name="setUpClass" finished-at="2025-08-26T14:23:34 IST" duration-ms="812" status="PASS">
          <params>
            <param index="0">
              <value>
                <![CDATA[org.testng.TestRunner@10e92f8f]]>
              </value>
            </param>
          </params>
          <reporter-output>
          </reporter-output>
        </test-method> <!-- setUpClass -->
        <test-method signature="runScenario(io.cucumber.testng.PickleWrapper,io.cucumber.testng.FeatureWrapper)[pri:0, instance:testRunner.TestNGTestRunner@56528192]" started-at="2025-08-26T14:23:34 IST" name="runScenario" description="Runs Cucumber Scenarios" data-provider="scenarios" finished-at="2025-08-26T14:23:44 IST" duration-ms="9887" status="PASS">
          <params>
            <param index="0">
              <value>
                <![CDATA["Verifying if user is on Home Page"]]>
              </value>
            </param>
            <param index="1">
              <value>
                <![CDATA["Optional[Testing Functionalities on Home Page]"]]>
              </value>
            </param>
          </params>
          <reporter-output>
          </reporter-output>
        </test-method> <!-- runScenario -->
        <test-method signature="runScenario(io.cucumber.testng.PickleWrapper,io.cucumber.testng.FeatureWrapper)[pri:0, instance:testRunner.TestNGTestRunner@56528192]" started-at="2025-08-26T14:23:44 IST" name="runScenario" description="Runs Cucumber Scenarios" data-provider="scenarios" finished-at="2025-08-26T14:23:56 IST" duration-ms="11905" status="PASS">
          <params>
            <param index="0">
              <value>
                <![CDATA["Check wheather SignUp for Newsletter is working properly"]]>
              </value>
            </param>
            <param index="1">
              <value>
                <![CDATA["Optional[Testing Functionalities on Home Page]"]]>
              </value>
            </param>
          </params>
          <reporter-output>
          </reporter-output>
        </test-method> <!-- runScenario -->
        <test-method is-config="true" signature="tearDownClass()[pri:0, instance:testRunner.TestNGTestRunner@56528192]" started-at="2025-08-26T14:23:56 IST" name="tearDownClass" finished-at="2025-08-26T14:23:56 IST" duration-ms="68" status="PASS">
          <reporter-output>
          </reporter-output>
        </test-method> <!-- tearDownClass -->
      </class> <!-- testRunner.TestNGTestRunner -->
    </test> <!-- Home Feature -->
    <test started-at="2025-08-26T14:23:33 IST" name="Practice Feature" finished-at="2025-08-26T14:25:09 IST" duration-ms="95408">
      <class name="testRunner.TestNGTestRunner">
        <test-method is-config="true" signature="setUpClass(org.testng.ITestContext)[pri:0, instance:testRunner.TestNGTestRunner@1ed1993a]" started-at="2025-08-26T14:23:33 IST" name="setUpClass" finished-at="2025-08-26T14:23:34 IST" duration-ms="812" status="PASS">
          <params>
            <param index="0">
              <value>
                <![CDATA[org.testng.TestRunner@7ce3cb8e]]>
              </value>
            </param>
          </params>
          <reporter-output>
          </reporter-output>
        </test-method> <!-- setUpClass -->
        <test-method signature="runScenario(io.cucumber.testng.PickleWrapper,io.cucumber.testng.FeatureWrapper)[pri:0, instance:testRunner.TestNGTestRunner@1ed1993a]" started-at="2025-08-26T14:23:34 IST" name="runScenario" description="Runs Cucumber Scenarios" data-provider="scenarios" finished-at="2025-08-26T14:23:44 IST" duration-ms="9660" status="PASS">
          <params>
            <param index="0">
              <value>
                <![CDATA["Testing Exceptions pannel on Practice Page"]]>
              </value>
            </param>
            <param index="1">
              <value>
                <![CDATA["Optional[Test the Practice Page]"]]>
              </value>
            </param>
          </params>
          <reporter-output>
          </reporter-output>
        </test-method> <!-- runScenario -->
        <test-method signature="runScenario(io.cucumber.testng.PickleWrapper,io.cucumber.testng.FeatureWrapper)[pri:0, instance:testRunner.TestNGTestRunner@1ed1993a]" started-at="2025-08-26T14:23:44 IST" name="runScenario" description="Runs Cucumber Scenarios" data-provider="scenarios" finished-at="2025-08-26T14:23:59 IST" duration-ms="15153" status="PASS">
          <params>
            <param index="0">
              <value>
                <![CDATA["Test NoSuchElementException"]]>
              </value>
            </param>
            <param index="1">
              <value>
                <![CDATA["Optional[Test the Practice Page]"]]>
              </value>
            </param>
          </params>
          <reporter-output>
          </reporter-output>
        </test-method> <!-- runScenario -->
        <test-method signature="runScenario(io.cucumber.testng.PickleWrapper,io.cucumber.testng.FeatureWrapper)[pri:0, instance:testRunner.TestNGTestRunner@1ed1993a]" started-at="2025-08-26T14:23:59 IST" name="runScenario" description="Runs Cucumber Scenarios" data-provider="scenarios" finished-at="2025-08-26T14:24:17 IST" duration-ms="18531" status="PASS">
          <params>
            <param index="0">
              <value>
                <![CDATA["Test ElementNotInteractableException"]]>
              </value>
            </param>
            <param index="1">
              <value>
                <![CDATA["Optional[Test the Practice Page]"]]>
              </value>
            </param>
          </params>
          <reporter-output>
          </reporter-output>
        </test-method> <!-- runScenario -->
        <test-method signature="runScenario(io.cucumber.testng.PickleWrapper,io.cucumber.testng.FeatureWrapper)[pri:0, instance:testRunner.TestNGTestRunner@1ed1993a]" started-at="2025-08-26T14:24:17 IST" name="runScenario" description="Runs Cucumber Scenarios" data-provider="scenarios" finished-at="2025-08-26T14:24:25 IST" duration-ms="7953" status="PASS">
          <params>
            <param index="0">
              <value>
                <![CDATA["Test InvalidElementStateException"]]>
              </value>
            </param>
            <param index="1">
              <value>
                <![CDATA["Optional[Test the Practice Page]"]]>
              </value>
            </param>
          </params>
          <reporter-output>
          </reporter-output>
        </test-method> <!-- runScenario -->
        <test-method signature="runScenario(io.cucumber.testng.PickleWrapper,io.cucumber.testng.FeatureWrapper)[pri:0, instance:testRunner.TestNGTestRunner@1ed1993a]" started-at="2025-08-26T14:24:25 IST" name="runScenario" description="Runs Cucumber Scenarios" data-provider="scenarios" finished-at="2025-08-26T14:24:38 IST" duration-ms="12884" status="PASS">
          <params>
            <param index="0">
              <value>
                <![CDATA["Test StaleElementReferenceException"]]>
              </value>
            </param>
            <param index="1">
              <value>
                <![CDATA["Optional[Test the Practice Page]"]]>
              </value>
            </param>
          </params>
          <reporter-output>
          </reporter-output>
        </test-method> <!-- runScenario -->
        <test-method signature="runScenario(io.cucumber.testng.PickleWrapper,io.cucumber.testng.FeatureWrapper)[pri:0, instance:testRunner.TestNGTestRunner@1ed1993a]" started-at="2025-08-26T14:24:38 IST" name="runScenario" description="Runs Cucumber Scenarios" data-provider="scenarios" finished-at="2025-08-26T14:24:50 IST" duration-ms="11564" status="PASS">
          <params>
            <param index="0">
              <value>
                <![CDATA["Test TimeoutException"]]>
              </value>
            </param>
            <param index="1">
              <value>
                <![CDATA["Optional[Test the Practice Page]"]]>
              </value>
            </param>
          </params>
          <reporter-output>
          </reporter-output>
        </test-method> <!-- runScenario -->
        <test-method signature="runScenario(io.cucumber.testng.PickleWrapper,io.cucumber.testng.FeatureWrapper)[pri:0, instance:testRunner.TestNGTestRunner@1ed1993a]" started-at="2025-08-26T14:24:50 IST" name="runScenario" description="Runs Cucumber Scenarios" data-provider="scenarios" finished-at="2025-08-26T14:25:08 IST" duration-ms="18749" status="PASS">
          <params>
            <param index="0">
              <value>
                <![CDATA["Test Positive Input List Testing"]]>
              </value>
            </param>
            <param index="1">
              <value>
                <![CDATA["Optional[Test the Practice Page]"]]>
              </value>
            </param>
          </params>
          <reporter-output>
          </reporter-output>
        </test-method> <!-- runScenario -->
        <test-method is-config="true" signature="tearDownClass()[pri:0, instance:testRunner.TestNGTestRunner@1ed1993a]" started-at="2025-08-26T14:25:08 IST" name="tearDownClass" finished-at="2025-08-26T14:25:09 IST" duration-ms="59" status="PASS">
          <reporter-output>
          </reporter-output>
        </test-method> <!-- tearDownClass -->
      </class> <!-- testRunner.TestNGTestRunner -->
    </test> <!-- Practice Feature -->
  </suite> <!-- Cucumber Test Suite -->
</testng-results>
