<?xml version="1.0" encoding="UTF-8"?>
<testsuite xmlns:xsi="http://www.w3.org/2001/XMLSchema-instance" xsi:noNamespaceSchemaLocation="https://maven.apache.org/surefire/maven-surefire-plugin/xsd/surefire-test-report-3.0.xsd" version="3.0" name="TestSuite" time="95.884" tests="12" errors="0" skipped="0" failures="0">
  <properties>
[...]
</properties>
  <testcase name="runScenario[&quot;Positive LogIn test&quot;, &quot;Optional[Login functionality on Practice Test Automation site]&quot;](1)" classname="testRunner.TestNGTestRunner" time="8.719">
    <system-out><![CDATA[[TestNGContentHandler] [WARN] It is strongly recommended to add "<!DOCTYPE suite SYSTEM "https://testng.org/testng-1.0.dtd" >" at the top of the suite file [C:\Users\psingh\cucumber\Cucumber_TestNG\testng.xml] otherwise TestNG may fail or not work as expected.
]]></system-out>
  </testcase>
  <testcase name="runScenario[&quot;Testing Exceptions pannel on Practice Page&quot;, &quot;Optional[Test the Practice Page]&quot;](1)" classname="testRunner.TestNGTestRunner" time="0.938"/>
  <testcase name="runScenario[&quot;Verifying if user is on Home Page&quot;, &quot;Optional[Testing Functionalities on Home Page]&quot;](1)" classname="testRunner.TestNGTestRunner" time="0.228"/>
  <testcase name="runScenario[&quot;Negative username test&quot;, &quot;Optional[Login functionality on Practice Test Automation site]&quot;](2)" classname="testRunner.TestNGTestRunner" time="5.169"/>
  <testcase name="runScenario[&quot;Negative password test&quot;, &quot;Optional[Login functionality on Practice Test Automation site]&quot;](3)" classname="testRunner.TestNGTestRunner" time="6.032"/>
  <testcase name="runScenario[&quot;Check wheather SignUp for Newsletter is working properly&quot;, &quot;Optional[Testing Functionalities on Home Page]&quot;](2)" classname="testRunner.TestNGTestRunner" time="6.74">
    <system-err><![CDATA[┌───────────────────────────────────────────────────────────────────────────────────┐
│ Share your Cucumber Report with your team at https://reports.cucumber.io          │
│ Activate publishing with one of the following:                                    │
│                                                                                   │
│ src/test/resources/cucumber.properties:          cucumber.publish.enabled=true    │
│ src/test/resources/junit-platform.properties:    cucumber.publish.enabled=true    │
│ Environment variable:                            CUCUMBER_PUBLISH_ENABLED=true    │
│ JUnit:                                           @CucumberOptions(publish = true) │
│                                                                                   │
│ More information at https://cucumber.io/docs/cucumber/environment-variables/      │
│                                                                                   │
│ Disable this message with one of the following:                                   │
│                                                                                   │
│ src/test/resources/cucumber.properties:          cucumber.publish.quiet=true      │
│ src/test/resources/junit-platform.properties:    cucumber.publish.quiet=true      │
└───────────────────────────────────────────────────────────────────────────────────┘
]]></system-err>
  </testcase>
  <testcase name="runScenario[&quot;Test NoSuchElementException&quot;, &quot;Optional[Test the Practice Page]&quot;](2)" classname="testRunner.TestNGTestRunner" time="9.756">
    <system-err><![CDATA[┌───────────────────────────────────────────────────────────────────────────────────┐
│ Share your Cucumber Report with your team at https://reports.cucumber.io          │
│ Activate publishing with one of the following:                                    │
│                                                                                   │
│ src/test/resources/cucumber.properties:          cucumber.publish.enabled=true    │
│ src/test/resources/junit-platform.properties:    cucumber.publish.enabled=true    │
│ Environment variable:                            CUCUMBER_PUBLISH_ENABLED=true    │
│ JUnit:                                           @CucumberOptions(publish = true) │
│                                                                                   │
│ More information at https://cucumber.io/docs/cucumber/environment-variables/      │
│                                                                                   │
│ Disable this message with one of the following:                                   │
│                                                                                   │
│ src/test/resources/cucumber.properties:          cucumber.publish.quiet=true      │
│ src/test/resources/junit-platform.properties:    cucumber.publish.quiet=true      │
└───────────────────────────────────────────────────────────────────────────────────┘
]]></system-err>
  </testcase>
  <testcase name="runScenario[&quot;Test ElementNotInteractableException&quot;, &quot;Optional[Test the Practice Page]&quot;](3)" classname="testRunner.TestNGTestRunner" time="18.53">
    <system-out><![CDATA[Caught ElementNotInteractableExceptionelement not interactable
  (Session info: chrome=138.0.7204.184)
]]></system-out>
  </testcase>
  <testcase name="runScenario[&quot;Test InvalidElementStateException&quot;, &quot;Optional[Test the Practice Page]&quot;](4)" classname="testRunner.TestNGTestRunner" time="7.954">
    <system-out><![CDATA[Caught InvalidElementStateExceptioninvalid element state: Element is not currently interactable and may not be manipulated
  (Session info: chrome=138.0.7204.184)
Caught ElementNotInteractableExceptionelement not interactable
  (Session info: chrome=138.0.7204.184)
Build info: version: '4.34.0', revision: '707dcb4246*'
System info: os.name: 'Windows 11', os.arch: 'amd64', os.version: '10.0', java.version: '24.0.2'
Driver info: org.openqa.selenium.chrome.ChromeDriver
Command: [f6c06b4cfb05eb5dbce8301ca707b25f, sendKeysToElement {value=[Ljava.lang.CharSequence;@2f16b1a, id=f.AE28D10A9FE0F060B297F441F5607A2E.d.EC5AD802A9B488070BE2720069B5CFA1.e.36}]
Capabilities {acceptInsecureCerts: false, browserName: chrome, browserVersion: 138.0.7204.184, chrome: {chromedriverVersion: 138.0.7204.183 (e90faf484dd..., userDataDir: C:\Users\psingh\AppData\Loc...}, fedcm:accounts: true, goog:chromeOptions: {debuggerAddress: localhost:62286}, networkConnectionEnabled: false, pageLoadStrategy: normal, platformName: windows, proxy: Proxy(), se:cdp: ws://localhost:62286/devtoo..., se:cdpVersion: 138.0.7204.184, setWindowRect: true, strictFileInteractability: false, timeouts: {implicit: 0, pageLoad: 300000, script: 30000}, unhandledPromptBehavior: dismiss and notify, webauthn:extension:credBlob: true, webauthn:extension:largeBlob: true, webauthn:extension:minPinLength: true, webauthn:extension:prf: true, webauthn:virtualAuthenticators: true}
Element: [[ChromeDriver: chrome on windows (f6c06b4cfb05eb5dbce8301ca707b25f)] -> xpath: //input[@value='Pizza']]
Session ID: f6c06b4cfb05eb5dbce8301ca707b25f
]]></system-out>
  </testcase>
  <testcase name="runScenario[&quot;Test StaleElementReferenceException&quot;, &quot;Optional[Test the Practice Page]&quot;](5)" classname="testRunner.TestNGTestRunner" time="12.883">
    <system-out><![CDATA[Caught Exception while checking instruction text: no such element: Unable to locate element: {"method":"css selector","selector":"#instructions"}
  (Session info: chrome=138.0.7204.184)
For documentation on this error, please visit: https://www.selenium.dev/documentation/webdriver/troubleshooting/errors#no-such-element-exception
Build info: version: '4.34.0', revision: '707dcb4246*'
System info: os.name: 'Windows 11', os.arch: 'amd64', os.version: '10.0', java.version: '24.0.2'
Driver info: org.openqa.selenium.chrome.ChromeDriver
Command: [3afb44ce1c363d848c261f5367895edc, findElement {value=instructions, using=id}]
Capabilities {acceptInsecureCerts: false, browserName: chrome, browserVersion: 138.0.7204.184, chrome: {chromedriverVersion: 138.0.7204.183 (e90faf484dd..., userDataDir: C:\Users\psingh\AppData\Loc...}, fedcm:accounts: true, goog:chromeOptions: {debuggerAddress: localhost:62313}, networkConnectionEnabled: false, pageLoadStrategy: normal, platformName: windows, proxy: Proxy(), se:cdp: ws://localhost:62313/devtoo..., se:cdpVersion: 138.0.7204.184, setWindowRect: true, strictFileInteractability: false, timeouts: {implicit: 0, pageLoad: 300000, script: 30000}, unhandledPromptBehavior: dismiss and notify, webauthn:extension:credBlob: true, webauthn:extension:largeBlob: true, webauthn:extension:minPinLength: true, webauthn:extension:prf: true, webauthn:virtualAuthenticators: true}
Session ID: 3afb44ce1c363d848c261f5367895edc
]]></system-out>
  </testcase>
  <testcase name="runScenario[&quot;Test TimeoutException&quot;, &quot;Optional[Test the Practice Page]&quot;](6)" classname="testRunner.TestNGTestRunner" time="11.563"/>
  <testcase name="runScenario[&quot;Test Positive Input List Testing&quot;, &quot;Optional[Test the Practice Page]&quot;](7)" classname="testRunner.TestNGTestRunner" time="18.75">
    <system-out><![CDATA[Caught ElementNotInteractableExceptionelement not interactable
  (Session info: chrome=138.0.7204.184)
]]></system-out>
  </testcase>
</testsuite>