<?xml version="1.0" encoding="UTF-8"?>
<testng-results ignored="0" total="14" passed="14" failed="0" skipped="0">
  <reporter-output>
  </reporter-output>
  <suite started-at="2025-08-29T17:33:59 IST" name="Cucumber Test Suite" finished-at="2025-08-29T17:35:39 IST" duration-ms="100188">
    <groups>
      <group name="cucumber">
        <method signature="AbstractTestNGCucumberTests.runScenario(io.cucumber.testng.PickleWrapper,io.cucumber.testng.FeatureWrapper)[pri:0, instance:testRunner.TestNGTestRunner@4efbca5a]" name="runScenario" class="io.cucumber.testng.AbstractTestNGCucumberTests"/>
        <method signature="AbstractTestNGCucumberTests.runScenario(io.cucumber.testng.PickleWrapper,io.cucumber.testng.FeatureWrapper)[pri:0, instance:testRunner.TestNGTestRunner@78691363]" name="runScenario" class="io.cucumber.testng.AbstractTestNGCucumberTests"/>
        <method signature="AbstractTestNGCucumberTests.runScenario(io.cucumber.testng.PickleWrapper,io.cucumber.testng.FeatureWrapper)[pri:0, instance:testRunner.TestNGTestRunner@515c6049]" name="runScenario" class="io.cucumber.testng.AbstractTestNGCucumberTests"/>
        <method signature="AbstractTestNGCucumberTests.runScenario(io.cucumber.testng.PickleWrapper,io.cucumber.testng.FeatureWrapper)[pri:0, instance:testRunner.TestNGTestRunner@74235045]" name="runScenario" class="io.cucumber.testng.AbstractTestNGCucumberTests"/>
        <method signature="AbstractTestNGCucumberTests.runScenario(io.cucumber.testng.PickleWrapper,io.cucumber.testng.FeatureWrapper)[pri:0, instance:testRunner.TestNGTestRunner@6771beb3]" name="runScenario" class="io.cucumber.testng.AbstractTestNGCucumberTests"/>
      </group> <!-- cucumber -->
    </groups>
    <test started-at="2025-08-29T17:33:59 IST" name="Courses Feature" finished-at="2025-08-29T17:34:21 IST" duration-ms="22331">
      <class name="testRunner.TestNGTestRunner">
        <test-method is-config="true" signature="setUpClass(org.testng.ITestContext)[pri:0, instance:testRunner.TestNGTestRunner@74235045]" started-at="2025-08-29T17:33:59 IST" name="setUpClass" finished-at="2025-08-29T17:33:59 IST" duration-ms="885" status="PASS">
          <params>
            <param index="0">
              <value>
                <![CDATA[org.testng.TestRunner@8297b3a]]>
              </value>
            </param>
          </params>
          <reporter-output>
          </reporter-output>
        </test-method> <!-- setUpClass -->
        <test-method signature="runScenario(io.cucumber.testng.PickleWrapper,io.cucumber.testng.FeatureWrapper)[pri:0, instance:testRunner.TestNGTestRunner@74235045]" started-at="2025-08-29T17:33:59 IST" name="runScenario" description="Runs Cucumber Scenarios" data-provider="scenarios" finished-at="2025-08-29T17:34:20 IST" duration-ms="20200" status="PASS">
          <params>
            <param index="0">
              <value>
                <![CDATA["Test Child Window Functionality"]]>
              </value>
            </param>
            <param index="1">
              <value>
                <![CDATA["Optional[Test the functionality on Courses page]"]]>
              </value>
            </param>
          </params>
          <reporter-output>
          </reporter-output>
        </test-method> <!-- runScenario -->
        <test-method is-config="true" signature="tearDownClass()[pri:0, instance:testRunner.TestNGTestRunner@74235045]" started-at="2025-08-29T17:34:20 IST" name="tearDownClass" finished-at="2025-08-29T17:34:21 IST" duration-ms="1201" status="PASS">
          <reporter-output>
          </reporter-output>
        </test-method> <!-- tearDownClass -->
      </class> <!-- testRunner.TestNGTestRunner -->
    </test> <!-- Courses Feature -->
    <test started-at="2025-08-29T17:33:59 IST" name="Login Feature" finished-at="2025-08-29T17:34:30 IST" duration-ms="31170">
      <class name="testRunner.TestNGTestRunner">
        <test-method is-config="true" signature="setUpClass(org.testng.ITestContext)[pri:0, instance:testRunner.TestNGTestRunner@4efbca5a]" started-at="2025-08-29T17:33:59 IST" name="setUpClass" finished-at="2025-08-29T17:33:59 IST" duration-ms="886" status="PASS">
          <params>
            <param index="0">
              <value>
                <![CDATA[org.testng.TestRunner@4c178a76]]>
              </value>
            </param>
          </params>
          <reporter-output>
          </reporter-output>
        </test-method> <!-- setUpClass -->
        <test-method signature="runScenario(io.cucumber.testng.PickleWrapper,io.cucumber.testng.FeatureWrapper)[pri:0, instance:testRunner.TestNGTestRunner@4efbca5a]" started-at="2025-08-29T17:33:59 IST" name="runScenario" description="Runs Cucumber Scenarios" data-provider="scenarios" finished-at="2025-08-29T17:34:13 IST" duration-ms="13174" status="PASS">
          <params>
            <param index="0">
              <value>
                <![CDATA["Positive LogIn test"]]>
              </value>
            </param>
            <param index="1">
              <value>
                <![CDATA["Optional[Login functionality on Practice Test Automation site]"]]>
              </value>
            </param>
          </params>
          <reporter-output>
          </reporter-output>
        </test-method> <!-- runScenario -->
        <test-method signature="runScenario(io.cucumber.testng.PickleWrapper,io.cucumber.testng.FeatureWrapper)[pri:0, instance:testRunner.TestNGTestRunner@4efbca5a]" started-at="2025-08-29T17:34:13 IST" name="runScenario" description="Runs Cucumber Scenarios" data-provider="scenarios" finished-at="2025-08-29T17:34:22 IST" duration-ms="9281" status="PASS">
          <params>
            <param index="0">
              <value>
                <![CDATA["Negative username test"]]>
              </value>
            </param>
            <param index="1">
              <value>
                <![CDATA["Optional[Login functionality on Practice Test Automation site]"]]>
              </value>
            </param>
          </params>
          <reporter-output>
          </reporter-output>
        </test-method> <!-- runScenario -->
        <test-method signature="runScenario(io.cucumber.testng.PickleWrapper,io.cucumber.testng.FeatureWrapper)[pri:0, instance:testRunner.TestNGTestRunner@4efbca5a]" started-at="2025-08-29T17:34:22 IST" name="runScenario" description="Runs Cucumber Scenarios" data-provider="scenarios" finished-at="2025-08-29T17:34:30 IST" duration-ms="7590" status="PASS">
          <params>
            <param index="0">
              <value>
                <![CDATA["Negative password test"]]>
              </value>
            </param>
            <param index="1">
              <value>
                <![CDATA["Optional[Login functionality on Practice Test Automation site]"]]>
              </value>
            </param>
          </params>
          <reporter-output>
          </reporter-output>
        </test-method> <!-- runScenario -->
        <test-method is-config="true" signature="tearDownClass()[pri:0, instance:testRunner.TestNGTestRunner@4efbca5a]" started-at="2025-08-29T17:34:30 IST" name="tearDownClass" finished-at="2025-08-29T17:34:30 IST" duration-ms="191" status="PASS">
          <reporter-output>
          </reporter-output>
        </test-method> <!-- tearDownClass -->
      </class> <!-- testRunner.TestNGTestRunner -->
    </test> <!-- Login Feature -->
    <test started-at="2025-08-29T17:33:59 IST" name="Home Feature" finished-at="2025-08-29T17:34:33 IST" duration-ms="34075">
      <class name="testRunner.TestNGTestRunner">
        <test-method is-config="true" signature="setUpClass(org.testng.ITestContext)[pri:0, instance:testRunner.TestNGTestRunner@78691363]" started-at="2025-08-29T17:33:59 IST" name="setUpClass" finished-at="2025-08-29T17:33:59 IST" duration-ms="884" status="PASS">
          <params>
            <param index="0">
              <value>
                <![CDATA[org.testng.TestRunner@fa4c865]]>
              </value>
            </param>
          </params>
          <reporter-output>
          </reporter-output>
        </test-method> <!-- setUpClass -->
        <test-method signature="runScenario(io.cucumber.testng.PickleWrapper,io.cucumber.testng.FeatureWrapper)[pri:0, instance:testRunner.TestNGTestRunner@78691363]" started-at="2025-08-29T17:33:59 IST" name="runScenario" description="Runs Cucumber Scenarios" data-provider="scenarios" finished-at="2025-08-29T17:34:17 IST" duration-ms="17087" status="PASS">
          <params>
            <param index="0">
              <value>
                <![CDATA["Verifying if user is on Home Page"]]>
              </value>
            </param>
            <param index="1">
              <value>
                <![CDATA["Optional[Testing Functionalities on Home Page]"]]>
              </value>
            </param>
          </params>
          <reporter-output>
          </reporter-output>
        </test-method> <!-- runScenario -->
        <test-method signature="runScenario(io.cucumber.testng.PickleWrapper,io.cucumber.testng.FeatureWrapper)[pri:0, instance:testRunner.TestNGTestRunner@78691363]" started-at="2025-08-29T17:34:17 IST" name="runScenario" description="Runs Cucumber Scenarios" data-provider="scenarios" finished-at="2025-08-29T17:34:33 IST" duration-ms="15969" status="PASS">
          <params>
            <param index="0">
              <value>
                <![CDATA["Check wheather SignUp for Newsletter is working properly"]]>
              </value>
            </param>
            <param index="1">
              <value>
                <![CDATA["Optional[Testing Functionalities on Home Page]"]]>
              </value>
            </param>
          </params>
          <reporter-output>
          </reporter-output>
        </test-method> <!-- runScenario -->
        <test-method is-config="true" signature="tearDownClass()[pri:0, instance:testRunner.TestNGTestRunner@78691363]" started-at="2025-08-29T17:34:33 IST" name="tearDownClass" finished-at="2025-08-29T17:34:33 IST" duration-ms="89" status="PASS">
          <reporter-output>
          </reporter-output>
        </test-method> <!-- tearDownClass -->
      </class> <!-- testRunner.TestNGTestRunner -->
    </test> <!-- Home Feature -->
    <test started-at="2025-08-29T17:33:59 IST" name="Contact Feature" finished-at="2025-08-29T17:34:34 IST" duration-ms="35325">
      <class name="testRunner.TestNGTestRunner">
        <test-method is-config="true" signature="setUpClass(org.testng.ITestContext)[pri:0, instance:testRunner.TestNGTestRunner@6771beb3]" started-at="2025-08-29T17:33:59 IST" name="setUpClass" finished-at="2025-08-29T17:33:59 IST" duration-ms="886" status="PASS">
          <params>
            <param index="0">
              <value>
                <![CDATA[org.testng.TestRunner@3bd82cf5]]>
              </value>
            </param>
          </params>
          <reporter-output>
          </reporter-output>
        </test-method> <!-- setUpClass -->
        <test-method signature="runScenario(io.cucumber.testng.PickleWrapper,io.cucumber.testng.FeatureWrapper)[pri:0, instance:testRunner.TestNGTestRunner@6771beb3]" started-at="2025-08-29T17:33:59 IST" name="runScenario" description="Runs Cucumber Scenarios" data-provider="scenarios" finished-at="2025-08-29T17:34:34 IST" duration-ms="34351" status="PASS">
          <params>
            <param index="0">
              <value>
                <![CDATA["Give Credentials and submit the page"]]>
              </value>
            </param>
            <param index="1">
              <value>
                <![CDATA["Optional[Test Contact Page Functionality]"]]>
              </value>
            </param>
          </params>
          <reporter-output>
          </reporter-output>
        </test-method> <!-- runScenario -->
        <test-method is-config="true" signature="tearDownClass()[pri:0, instance:testRunner.TestNGTestRunner@6771beb3]" started-at="2025-08-29T17:34:34 IST" name="tearDownClass" finished-at="2025-08-29T17:34:34 IST" duration-ms="48" status="PASS">
          <reporter-output>
          </reporter-output>
        </test-method> <!-- tearDownClass -->
      </class> <!-- testRunner.TestNGTestRunner -->
    </test> <!-- Contact Feature -->
    <test started-at="2025-08-29T17:33:59 IST" name="Practice Feature" finished-at="2025-08-29T17:35:39 IST" duration-ms="100188">
      <class name="testRunner.TestNGTestRunner">
        <test-method is-config="true" signature="setUpClass(org.testng.ITestContext)[pri:0, instance:testRunner.TestNGTestRunner@515c6049]" started-at="2025-08-29T17:33:59 IST" name="setUpClass" finished-at="2025-08-29T17:33:59 IST" duration-ms="885" status="PASS">
          <params>
            <param index="0">
              <value>
                <![CDATA[org.testng.TestRunner@544fa968]]>
              </value>
            </param>
          </params>
          <reporter-output>
          </reporter-output>
        </test-method> <!-- setUpClass -->
        <test-method signature="runScenario(io.cucumber.testng.PickleWrapper,io.cucumber.testng.FeatureWrapper)[pri:0, instance:testRunner.TestNGTestRunner@515c6049]" started-at="2025-08-29T17:33:59 IST" name="runScenario" description="Runs Cucumber Scenarios" data-provider="scenarios" finished-at="2025-08-29T17:34:12 IST" duration-ms="12585" status="PASS">
          <params>
            <param index="0">
              <value>
                <![CDATA["Testing Exceptions pannel on Practice Page"]]>
              </value>
            </param>
            <param index="1">
              <value>
                <![CDATA["Optional[Test the Practice Page]"]]>
              </value>
            </param>
          </params>
          <reporter-output>
          </reporter-output>
        </test-method> <!-- runScenario -->
        <test-method signature="runScenario(io.cucumber.testng.PickleWrapper,io.cucumber.testng.FeatureWrapper)[pri:0, instance:testRunner.TestNGTestRunner@515c6049]" started-at="2025-08-29T17:34:12 IST" name="runScenario" description="Runs Cucumber Scenarios" data-provider="scenarios" finished-at="2025-08-29T17:34:27 IST" duration-ms="14499" status="PASS">
          <params>
            <param index="0">
              <value>
                <![CDATA["Test NoSuchElementException"]]>
              </value>
            </param>
            <param index="1">
              <value>
                <![CDATA["Optional[Test the Practice Page]"]]>
              </value>
            </param>
          </params>
          <reporter-output>
          </reporter-output>
        </test-method> <!-- runScenario -->
        <test-method signature="runScenario(io.cucumber.testng.PickleWrapper,io.cucumber.testng.FeatureWrapper)[pri:0, instance:testRunner.TestNGTestRunner@515c6049]" started-at="2025-08-29T17:34:27 IST" name="runScenario" description="Runs Cucumber Scenarios" data-provider="scenarios" finished-at="2025-08-29T17:34:44 IST" duration-ms="17620" status="PASS">
          <params>
            <param index="0">
              <value>
                <![CDATA["Test ElementNotInteractableException"]]>
              </value>
            </param>
            <param index="1">
              <value>
                <![CDATA["Optional[Test the Practice Page]"]]>
              </value>
            </param>
          </params>
          <reporter-output>
          </reporter-output>
        </test-method> <!-- runScenario -->
        <test-method signature="runScenario(io.cucumber.testng.PickleWrapper,io.cucumber.testng.FeatureWrapper)[pri:0, instance:testRunner.TestNGTestRunner@515c6049]" started-at="2025-08-29T17:34:44 IST" name="runScenario" description="Runs Cucumber Scenarios" data-provider="scenarios" finished-at="2025-08-29T17:34:53 IST" duration-ms="8507" status="PASS">
          <params>
            <param index="0">
              <value>
                <![CDATA["Test InvalidElementStateException"]]>
              </value>
            </param>
            <param index="1">
              <value>
                <![CDATA["Optional[Test the Practice Page]"]]>
              </value>
            </param>
          </params>
          <reporter-output>
          </reporter-output>
        </test-method> <!-- runScenario -->
        <test-method signature="runScenario(io.cucumber.testng.PickleWrapper,io.cucumber.testng.FeatureWrapper)[pri:0, instance:testRunner.TestNGTestRunner@515c6049]" started-at="2025-08-29T17:34:53 IST" name="runScenario" description="Runs Cucumber Scenarios" data-provider="scenarios" finished-at="2025-08-29T17:35:07 IST" duration-ms="14711" status="PASS">
          <params>
            <param index="0">
              <value>
                <![CDATA["Test StaleElementReferenceException"]]>
              </value>
            </param>
            <param index="1">
              <value>
                <![CDATA["Optional[Test the Practice Page]"]]>
              </value>
            </param>
          </params>
          <reporter-output>
          </reporter-output>
        </test-method> <!-- runScenario -->
        <test-method signature="runScenario(io.cucumber.testng.PickleWrapper,io.cucumber.testng.FeatureWrapper)[pri:0, instance:testRunner.TestNGTestRunner@515c6049]" started-at="2025-08-29T17:35:07 IST" name="runScenario" description="Runs Cucumber Scenarios" data-provider="scenarios" finished-at="2025-08-29T17:35:20 IST" duration-ms="12202" status="PASS">
          <params>
            <param index="0">
              <value>
                <![CDATA["Test TimeoutException"]]>
              </value>
            </param>
            <param index="1">
              <value>
                <![CDATA["Optional[Test the Practice Page]"]]>
              </value>
            </param>
          </params>
          <reporter-output>
          </reporter-output>
        </test-method> <!-- runScenario -->
        <test-method signature="runScenario(io.cucumber.testng.PickleWrapper,io.cucumber.testng.FeatureWrapper)[pri:0, instance:testRunner.TestNGTestRunner@515c6049]" started-at="2025-08-29T17:35:20 IST" name="runScenario" description="Runs Cucumber Scenarios" data-provider="scenarios" finished-at="2025-08-29T17:35:39 IST" duration-ms="19043" status="PASS">
          <params>
            <param index="0">
              <value>
                <![CDATA["Test Positive Input List Testing"]]>
              </value>
            </param>
            <param index="1">
              <value>
                <![CDATA["Optional[Test the Practice Page]"]]>
              </value>
            </param>
          </params>
          <reporter-output>
          </reporter-output>
        </test-method> <!-- runScenario -->
        <test-method is-config="true" signature="tearDownClass()[pri:0, instance:testRunner.TestNGTestRunner@515c6049]" started-at="2025-08-29T17:35:39 IST" name="tearDownClass" finished-at="2025-08-29T17:35:39 IST" duration-ms="72" status="PASS">
          <reporter-output>
          </reporter-output>
        </test-method> <!-- tearDownClass -->
      </class> <!-- testRunner.TestNGTestRunner -->
    </test> <!-- Practice Feature -->
  </suite> <!-- Cucumber Test Suite -->
</testng-results>
