<?xml version="1.0" encoding="UTF-8"?>
<testng-results ignored="0" total="3" passed="3" failed="0" skipped="0">
  <reporter-output>
  </reporter-output>
  <suite started-at="2025-08-19T12:49:20 IST" name="Default suite" finished-at="2025-08-19T12:49:39 IST" duration-ms="18866">
    <groups>
      <group name="cucumber">
        <method signature="AbstractTestNGCucumberTests.runScenario(io.cucumber.testng.PickleWrapper,io.cucumber.testng.FeatureWrapper)[pri:0, instance:testRunner.TestNGTestRunner@55183b20]" name="runScenario" class="io.cucumber.testng.AbstractTestNGCucumberTests"/>
      </group> <!-- cucumber -->
    </groups>
    <test started-at="2025-08-19T12:49:20 IST" name="Default test" finished-at="2025-08-19T12:49:39 IST" duration-ms="18866">
      <class name="testRunner.TestNGTestRunner">
        <test-method is-config="true" signature="setUpClass(org.testng.ITestContext)[pri:0, instance:testRunner.TestNGTestRunner@55183b20]" started-at="2025-08-19T12:49:20 IST" name="setUpClass" finished-at="2025-08-19T12:49:20 IST" duration-ms="655" status="PASS">
          <params>
            <param index="0">
              <value>
                <![CDATA[org.testng.TestRunner@7f7c420c]]>
              </value>
            </param>
          </params>
          <reporter-output>
          </reporter-output>
        </test-method> <!-- setUpClass -->
        <test-method signature="runScenario(io.cucumber.testng.PickleWrapper,io.cucumber.testng.FeatureWrapper)[pri:0, instance:testRunner.TestNGTestRunner@55183b20]" started-at="2025-08-19T12:49:20 IST" name="runScenario" description="Runs Cucumber Scenarios" data-provider="scenarios" finished-at="2025-08-19T12:49:29 IST" duration-ms="8458" status="PASS">
          <params>
            <param index="0">
              <value>
                <![CDATA["Positive LogIn test"]]>
              </value>
            </param>
            <param index="1">
              <value>
                <![CDATA["Optional[Login functionality on Practice Test Automation site]"]]>
              </value>
            </param>
          </params>
          <reporter-output>
          </reporter-output>
        </test-method> <!-- runScenario -->
        <test-method signature="runScenario(io.cucumber.testng.PickleWrapper,io.cucumber.testng.FeatureWrapper)[pri:0, instance:testRunner.TestNGTestRunner@55183b20]" started-at="2025-08-19T12:49:29 IST" name="runScenario" description="Runs Cucumber Scenarios" data-provider="scenarios" finished-at="2025-08-19T12:49:33 IST" duration-ms="4185" status="PASS">
          <params>
            <param index="0">
              <value>
                <![CDATA["Negative username test"]]>
              </value>
            </param>
            <param index="1">
              <value>
                <![CDATA["Optional[Login functionality on Practice Test Automation site]"]]>
              </value>
            </param>
          </params>
          <reporter-output>
          </reporter-output>
        </test-method> <!-- runScenario -->
        <test-method signature="runScenario(io.cucumber.testng.PickleWrapper,io.cucumber.testng.FeatureWrapper)[pri:0, instance:testRunner.TestNGTestRunner@55183b20]" started-at="2025-08-19T12:49:33 IST" name="runScenario" description="Runs Cucumber Scenarios" data-provider="scenarios" finished-at="2025-08-19T12:49:38 IST" duration-ms="5107" status="PASS">
          <params>
            <param index="0">
              <value>
                <![CDATA["Negative password test"]]>
              </value>
            </param>
            <param index="1">
              <value>
                <![CDATA["Optional[Login functionality on Practice Test Automation site]"]]>
              </value>
            </param>
          </params>
          <reporter-output>
          </reporter-output>
        </test-method> <!-- runScenario -->
        <test-method is-config="true" signature="tearDownClass()[pri:0, instance:testRunner.TestNGTestRunner@55183b20]" started-at="2025-08-19T12:49:38 IST" name="tearDownClass" finished-at="2025-08-19T12:49:39 IST" duration-ms="418" status="PASS">
          <reporter-output>
          </reporter-output>
        </test-method> <!-- tearDownClass -->
      </class> <!-- testRunner.TestNGTestRunner -->
    </test> <!-- Default test -->
  </suite> <!-- Default suite -->
</testng-results>
